<?xml version="1.0" encoding="UTF-8"?>
<!-- Generated by org.testng.reporters.JUnitXMLReporter -->
<testsuite ignored="8" hostname="admin-PC" failures="0" tests="4" name="Test" time="64.305" errors="0" timestamp="2023-07-31T01:25:57 IST">
  <testcase classname="com.hrm.TestCases.TC_001_LoginTest" name="loginTest" time="10.178"/>
  <testcase classname="com.hrm.TestCases.TC_002_HomeTest" name="homeTest" time="9.89"/>
  <testcase classname="com.hrm.TestCases.TC_003_AddEmployee" name="Employee" time="13.801"/>
  <testcase classname="com.hrm.TestCases.TC_005_EmpListTest" name="employeeListTest" time="26.886"/>
  <testcase classname="com.hrm.TestCases.BaseClass" name="@AfterTest tearDown" time="0.0">
    <ignored/>
  </testcase> <!-- @AfterTest tearDown -->
  <testcase classname="com.hrm.TestCases.BaseClass" name="@AfterTest tearDown" time="0.0">
    <ignored/>
  </testcase> <!-- @AfterTest tearDown -->
  <testcase classname="com.hrm.TestCases.BaseClass" name="@BeforeTest setUp" time="0.0">
    <ignored/>
  </testcase> <!-- @BeforeTest setUp -->
  <testcase classname="com.hrm.TestCases.BaseClass" name="@BeforeTest setUp" time="0.0">
    <ignored/>
  </testcase> <!-- @BeforeTest setUp -->
  <testcase classname="com.hrm.TestCases.BaseClass" name="@BeforeTest setUp" time="0.0">
    <ignored/>
  </testcase> <!-- @BeforeTest setUp -->
  <testcase classname="com.hrm.TestCases.BaseClass" name="@AfterTest tearDown" time="0.0">
    <ignored/>
  </testcase> <!-- @AfterTest tearDown -->
  <testcase classname="com.hrm.TestCases.BaseClass" name="@BeforeTest setUp" time="0.0">
    <ignored/>
  </testcase> <!-- @BeforeTest setUp -->
  <testcase classname="com.hrm.TestCases.BaseClass" name="@AfterTest tearDown" time="0.0">
    <ignored/>
  </testcase> <!-- @AfterTest tearDown -->
</testsuite> <!-- Test -->
