<?xml version="1.0" encoding="UTF-8"?>
<testng-results ignored="8" total="12" passed="4" failed="0" skipped="0">
  <reporter-output>
  </reporter-output>
  <suite started-at="2023-07-31T01:24:53 IST" name="Suite" finished-at="2023-07-31T01:25:57 IST" duration-ms="64305">
    <groups>
    </groups>
    <test started-at="2023-07-31T01:24:53 IST" name="Test" finished-at="2023-07-31T01:25:57 IST" duration-ms="64305">
      <class name="com.hrm.TestCases.TC_005_EmpListTest">
        <test-method signature="employeeListTest()[pri:0, instance:com.hrm.TestCases.TC_005_EmpListTest@7b2bbc3]" started-at="2023-07-31T01:25:30 IST" name="employeeListTest" finished-at="2023-07-31T01:25:57 IST" duration-ms="26886" status="PASS">
          <reporter-output>
          </reporter-output>
        </test-method> <!-- employeeListTest -->
      </class> <!-- com.hrm.TestCases.TC_005_EmpListTest -->
      <class name="com.hrm.TestCases.TC_002_HomeTest">
        <test-method signature="homeTest()[pri:0, instance:com.hrm.TestCases.TC_002_HomeTest@692f203f]" started-at="2023-07-31T01:25:06 IST" name="homeTest" finished-at="2023-07-31T01:25:16 IST" duration-ms="9890" status="PASS">
          <reporter-output>
          </reporter-output>
        </test-method> <!-- homeTest -->
      </class> <!-- com.hrm.TestCases.TC_002_HomeTest -->
      <class name="com.hrm.TestCases.TC_003_AddEmployee">
        <test-method signature="Employee()[pri:0, instance:com.hrm.TestCases.TC_003_AddEmployee@48f2bd5b]" started-at="2023-07-31T01:25:16 IST" name="Employee" finished-at="2023-07-31T01:25:30 IST" duration-ms="13801" status="PASS">
          <reporter-output>
          </reporter-output>
        </test-method> <!-- Employee -->
      </class> <!-- com.hrm.TestCases.TC_003_AddEmployee -->
      <class name="com.hrm.TestCases.BaseClass">
        <test-method is-config="true" signature="setUp()[pri:0, instance:com.hrm.TestCases.BaseClass@3c19aaa5]" started-at="2023-07-31T01:24:53 IST" name="setUp" finished-at="2023-07-31T01:24:56 IST" duration-ms="3115" status="PASS">
          <reporter-output>
          </reporter-output>
        </test-method> <!-- setUp -->
        <test-method is-config="true" signature="tearDown()[pri:0, instance:com.hrm.TestCases.BaseClass@3c19aaa5]" started-at="2023-07-31T01:25:57 IST" name="tearDown" finished-at="2023-07-31T01:25:57 IST" duration-ms="370" status="PASS">
          <reporter-output>
          </reporter-output>
        </test-method> <!-- tearDown -->
      </class> <!-- com.hrm.TestCases.BaseClass -->
      <class name="com.hrm.TestCases.TC_001_LoginTest">
        <test-method signature="loginTest()[pri:0, instance:com.hrm.TestCases.TC_001_LoginTest@4c583ecf]" started-at="2023-07-31T01:24:56 IST" name="loginTest" finished-at="2023-07-31T01:25:06 IST" duration-ms="10178" status="PASS">
          <reporter-output>
          </reporter-output>
        </test-method> <!-- loginTest -->
      </class> <!-- com.hrm.TestCases.TC_001_LoginTest -->
    </test> <!-- Test -->
  </suite> <!-- Suite -->
</testng-results>
